08/28/2021 08:13:59 PM - INFO - automl_search.py: Using default limit of max_batches=1.

08/28/2021 08:13:59 PM - INFO - automl_search.py: Generating pipelines to search over...
08/28/2021 08:14:01 PM - DEBUG - gen_utils.py: Could not import class ProphetRegressor in get_importable_subclasses
08/28/2021 08:14:03 PM - DEBUG - gen_utils.py: Could not import class ProphetRegressor in get_importable_subclasses
08/28/2021 08:14:03 PM - DEBUG - gen_utils.py: Could not import class ProphetRegressor in get_importable_subclasses
08/28/2021 08:14:03 PM - DEBUG - automl_search.py: allowed_estimators set to ['Decision Tree Regressor', 'Extra Trees Regressor', 'XGBoost Regressor', 'CatBoost Regressor', 'Random Forest Regressor', 'LightGBM Regressor', 'Linear Regressor', 'Elastic Net Regressor']
08/28/2021 08:14:03 PM - DEBUG - gen_utils.py: Could not import class ProphetRegressor in get_importable_subclasses
08/28/2021 08:14:03 PM - DEBUG - gen_utils.py: Could not import class ProphetRegressor in get_importable_subclasses
08/28/2021 08:14:03 PM - DEBUG - gen_utils.py: Could not import class ProphetRegressor in get_importable_subclasses
08/28/2021 08:14:03 PM - DEBUG - gen_utils.py: Could not import class ProphetRegressor in get_importable_subclasses
08/28/2021 08:14:03 PM - DEBUG - gen_utils.py: Could not import class ProphetRegressor in get_importable_subclasses
08/28/2021 08:14:03 PM - DEBUG - gen_utils.py: Could not import class ProphetRegressor in get_importable_subclasses
08/28/2021 08:14:03 PM - DEBUG - gen_utils.py: Could not import class ProphetRegressor in get_importable_subclasses
08/28/2021 08:14:03 PM - DEBUG - gen_utils.py: Could not import class ProphetRegressor in get_importable_subclasses
08/28/2021 08:14:03 PM - DEBUG - gen_utils.py: Could not import class ProphetRegressor in get_importable_subclasses
08/28/2021 08:14:03 PM - DEBUG - gen_utils.py: Could not import class ProphetRegressor in get_importable_subclasses
08/28/2021 08:14:03 PM - DEBUG - gen_utils.py: Could not import class ProphetRegressor in get_importable_subclasses
08/28/2021 08:14:03 PM - DEBUG - gen_utils.py: Could not import class ProphetRegressor in get_importable_subclasses
08/28/2021 08:14:03 PM - DEBUG - gen_utils.py: Could not import class ProphetRegressor in get_importable_subclasses
08/28/2021 08:14:03 PM - DEBUG - gen_utils.py: Could not import class ProphetRegressor in get_importable_subclasses
08/28/2021 08:14:03 PM - DEBUG - gen_utils.py: Could not import class ProphetRegressor in get_importable_subclasses
08/28/2021 08:14:03 PM - DEBUG - gen_utils.py: Could not import class ProphetRegressor in get_importable_subclasses
08/28/2021 08:14:03 PM - DEBUG - gen_utils.py: Could not import class ProphetRegressor in get_importable_subclasses
08/28/2021 08:14:03 PM - DEBUG - gen_utils.py: Could not import class ProphetRegressor in get_importable_subclasses
08/28/2021 08:14:03 PM - DEBUG - gen_utils.py: Could not import class ProphetRegressor in get_importable_subclasses
08/28/2021 08:14:03 PM - DEBUG - gen_utils.py: Could not import class ProphetRegressor in get_importable_subclasses
08/28/2021 08:14:03 PM - DEBUG - gen_utils.py: Could not import class ProphetRegressor in get_importable_subclasses
08/28/2021 08:14:03 PM - DEBUG - gen_utils.py: Could not import class ProphetRegressor in get_importable_subclasses
08/28/2021 08:14:03 PM - DEBUG - gen_utils.py: Could not import class ProphetRegressor in get_importable_subclasses
08/28/2021 08:14:03 PM - DEBUG - gen_utils.py: Could not import class ProphetRegressor in get_importable_subclasses
08/28/2021 08:14:03 PM - INFO - automl_search.py: 8 pipelines ready for search.
08/28/2021 08:14:03 PM - DEBUG - automl_search.py: allowed_pipelines set to ['Decision Tree Regressor w/ Log Transformer + Imputer', 'Extra Trees Regressor w/ Log Transformer + Imputer', 'XGBoost Regressor w/ Log Transformer + Imputer', 'CatBoost Regressor w/ Log Transformer + Imputer', 'Random Forest Regressor w/ Log Transformer + Imputer', 'LightGBM Regressor w/ Log Transformer + Imputer', 'Linear Regressor w/ Log Transformer + Imputer + Standard Scaler', 'Elastic Net Regressor w/ Log Transformer + Imputer + Standard Scaler']
08/28/2021 08:14:03 PM - DEBUG - automl_search.py: allowed_model_families set to [ModelFamily.EXTRA_TREES, ModelFamily.XGBOOST, ModelFamily.LINEAR_MODEL, ModelFamily.LIGHTGBM, ModelFamily.CATBOOST, ModelFamily.DECISION_TREE, ModelFamily.RANDOM_FOREST]
08/28/2021 08:14:03 PM - INFO - logger.py: 
*****************************
08/28/2021 08:14:03 PM - INFO - logger.py: * Beginning pipeline search *
08/28/2021 08:14:03 PM - INFO - logger.py: *****************************
08/28/2021 08:14:03 PM - INFO - logger.py: 
08/28/2021 08:14:03 PM - INFO - automl_search.py: Optimizing for Root Mean Squared Error. 
08/28/2021 08:14:03 PM - INFO - automl_search.py: Lower score is better.

08/28/2021 08:14:03 PM - INFO - automl_search.py: Using SequentialEngine to train and score pipelines.
08/28/2021 08:14:03 PM - INFO - automl_search.py: Searching up to 1 batches for a total of 9 pipelines. 
08/28/2021 08:14:03 PM - INFO - automl_search.py: Allowed model families: extra_trees, xgboost, linear_model, lightgbm, catboost, decision_tree, random_forest

08/28/2021 08:14:07 PM - DEBUG - gen_utils.py: Could not import class ProphetRegressor in get_importable_subclasses
08/28/2021 08:14:07 PM - DEBUG - gen_utils.py: Could not import class ProphetRegressor in get_importable_subclasses
08/28/2021 08:14:07 PM - INFO - automl_search.py: Evaluating Baseline Pipeline: Mean Baseline Regression Pipeline
08/28/2021 08:14:07 PM - INFO - engine_base.py: Mean Baseline Regression Pipeline:
08/28/2021 08:14:07 PM - INFO - engine_base.py: 	Starting cross validation
08/28/2021 08:14:07 PM - DEBUG - engine_base.py: 		Training and scoring on fold 0
08/28/2021 08:14:07 PM - DEBUG - engine_base.py: 			Fold 0: starting training
08/28/2021 08:14:07 PM - DEBUG - engine_base.py: 			Fold 0: finished training
08/28/2021 08:14:07 PM - DEBUG - engine_base.py: 			Fold 0: Scoring trained pipeline
08/28/2021 08:14:07 PM - DEBUG - engine_base.py: 			Fold 0: Root Mean Squared Error score: 1730.821
08/28/2021 08:14:07 PM - DEBUG - engine_base.py: 		Training and scoring on fold 1
08/28/2021 08:14:07 PM - DEBUG - engine_base.py: 			Fold 1: starting training
08/28/2021 08:14:07 PM - DEBUG - engine_base.py: 			Fold 1: finished training
08/28/2021 08:14:07 PM - DEBUG - engine_base.py: 			Fold 1: Scoring trained pipeline
08/28/2021 08:14:07 PM - DEBUG - engine_base.py: 			Fold 1: Root Mean Squared Error score: 1698.187
08/28/2021 08:14:07 PM - DEBUG - engine_base.py: 		Training and scoring on fold 2
08/28/2021 08:14:07 PM - DEBUG - engine_base.py: 			Fold 2: starting training
08/28/2021 08:14:07 PM - DEBUG - engine_base.py: 			Fold 2: finished training
08/28/2021 08:14:07 PM - DEBUG - engine_base.py: 			Fold 2: Scoring trained pipeline
08/28/2021 08:14:07 PM - DEBUG - engine_base.py: 			Fold 2: Root Mean Squared Error score: 1690.564
08/28/2021 08:14:07 PM - INFO - engine_base.py: 	Finished cross validation - mean Root Mean Squared Error: 1706.524
08/28/2021 08:14:08 PM - INFO - logger.py: 
*****************************
08/28/2021 08:14:08 PM - INFO - logger.py: * Evaluating Batch Number 1 *
08/28/2021 08:14:08 PM - INFO - logger.py: *****************************
08/28/2021 08:14:08 PM - INFO - logger.py: 
08/28/2021 08:14:09 PM - INFO - engine_base.py: Linear Regressor w/ Log Transformer + Imputer + Standard Scaler:
08/28/2021 08:14:09 PM - INFO - engine_base.py: 	Starting cross validation
08/28/2021 08:14:09 PM - DEBUG - engine_base.py: 		Training and scoring on fold 0
08/28/2021 08:14:09 PM - DEBUG - engine_base.py: 			Fold 0: starting training
08/28/2021 08:14:09 PM - DEBUG - engine_base.py: 			Fold 0: finished training
08/28/2021 08:14:09 PM - DEBUG - engine_base.py: 			Fold 0: Scoring trained pipeline
08/28/2021 08:14:09 PM - DEBUG - engine_base.py: 			Fold 0: Root Mean Squared Error score: 1150.231
08/28/2021 08:14:09 PM - DEBUG - engine_base.py: 		Training and scoring on fold 1
08/28/2021 08:14:09 PM - DEBUG - engine_base.py: 			Fold 1: starting training
08/28/2021 08:14:09 PM - DEBUG - engine_base.py: 			Fold 1: finished training
08/28/2021 08:14:09 PM - DEBUG - engine_base.py: 			Fold 1: Scoring trained pipeline
08/28/2021 08:14:09 PM - DEBUG - engine_base.py: 			Fold 1: Root Mean Squared Error score: 1172.824
08/28/2021 08:14:09 PM - DEBUG - engine_base.py: 		Training and scoring on fold 2
08/28/2021 08:14:09 PM - DEBUG - engine_base.py: 			Fold 2: starting training
08/28/2021 08:14:09 PM - DEBUG - engine_base.py: 			Fold 2: finished training
08/28/2021 08:14:09 PM - DEBUG - engine_base.py: 			Fold 2: Scoring trained pipeline
08/28/2021 08:14:09 PM - DEBUG - engine_base.py: 			Fold 2: Root Mean Squared Error score: 1105.375
08/28/2021 08:14:09 PM - INFO - engine_base.py: 	Finished cross validation - mean Root Mean Squared Error: 1142.810
08/28/2021 08:14:10 PM - INFO - engine_base.py: Decision Tree Regressor w/ Log Transformer + Imputer:
08/28/2021 08:14:10 PM - INFO - engine_base.py: 	Starting cross validation
08/28/2021 08:14:10 PM - DEBUG - engine_base.py: 		Training and scoring on fold 0
08/28/2021 08:14:10 PM - DEBUG - engine_base.py: 			Fold 0: starting training
08/28/2021 08:14:10 PM - DEBUG - engine_base.py: 			Fold 0: finished training
08/28/2021 08:14:10 PM - DEBUG - engine_base.py: 			Fold 0: Scoring trained pipeline
08/28/2021 08:14:10 PM - DEBUG - engine_base.py: 			Fold 0: Root Mean Squared Error score: 1157.710
08/28/2021 08:14:10 PM - DEBUG - engine_base.py: 		Training and scoring on fold 1
08/28/2021 08:14:10 PM - DEBUG - engine_base.py: 			Fold 1: starting training
08/28/2021 08:14:10 PM - DEBUG - engine_base.py: 			Fold 1: finished training
08/28/2021 08:14:10 PM - DEBUG - engine_base.py: 			Fold 1: Scoring trained pipeline
08/28/2021 08:14:10 PM - DEBUG - engine_base.py: 			Fold 1: Root Mean Squared Error score: 1132.664
08/28/2021 08:14:10 PM - DEBUG - engine_base.py: 		Training and scoring on fold 2
08/28/2021 08:14:10 PM - DEBUG - engine_base.py: 			Fold 2: starting training
08/28/2021 08:14:10 PM - DEBUG - engine_base.py: 			Fold 2: finished training
08/28/2021 08:14:10 PM - DEBUG - engine_base.py: 			Fold 2: Scoring trained pipeline
08/28/2021 08:14:10 PM - DEBUG - engine_base.py: 			Fold 2: Root Mean Squared Error score: 1107.595
08/28/2021 08:14:10 PM - INFO - engine_base.py: 	Finished cross validation - mean Root Mean Squared Error: 1132.656
08/28/2021 08:14:13 PM - INFO - engine_base.py: Random Forest Regressor w/ Log Transformer + Imputer:
08/28/2021 08:14:13 PM - INFO - engine_base.py: 	Starting cross validation
08/28/2021 08:14:13 PM - DEBUG - engine_base.py: 		Training and scoring on fold 0
08/28/2021 08:14:13 PM - DEBUG - engine_base.py: 			Fold 0: starting training
08/28/2021 08:14:13 PM - DEBUG - engine_base.py: 			Fold 0: finished training
08/28/2021 08:14:13 PM - DEBUG - engine_base.py: 			Fold 0: Scoring trained pipeline
08/28/2021 08:14:13 PM - DEBUG - engine_base.py: 			Fold 0: Root Mean Squared Error score: 1140.488
08/28/2021 08:14:13 PM - DEBUG - engine_base.py: 		Training and scoring on fold 1
08/28/2021 08:14:13 PM - DEBUG - engine_base.py: 			Fold 1: starting training
08/28/2021 08:14:13 PM - DEBUG - engine_base.py: 			Fold 1: finished training
08/28/2021 08:14:13 PM - DEBUG - engine_base.py: 			Fold 1: Scoring trained pipeline
08/28/2021 08:14:13 PM - DEBUG - engine_base.py: 			Fold 1: Root Mean Squared Error score: 1124.041
08/28/2021 08:14:13 PM - DEBUG - engine_base.py: 		Training and scoring on fold 2
08/28/2021 08:14:13 PM - DEBUG - engine_base.py: 			Fold 2: starting training
08/28/2021 08:14:13 PM - DEBUG - engine_base.py: 			Fold 2: finished training
08/28/2021 08:14:13 PM - DEBUG - engine_base.py: 			Fold 2: Scoring trained pipeline
08/28/2021 08:14:13 PM - DEBUG - engine_base.py: 			Fold 2: Root Mean Squared Error score: 1094.402
08/28/2021 08:14:13 PM - INFO - engine_base.py: 	Finished cross validation - mean Root Mean Squared Error: 1119.643
08/28/2021 08:14:14 PM - INFO - engine_base.py: LightGBM Regressor w/ Log Transformer + Imputer:
08/28/2021 08:14:14 PM - INFO - engine_base.py: 	Starting cross validation
08/28/2021 08:14:14 PM - DEBUG - engine_base.py: 		Training and scoring on fold 0
08/28/2021 08:14:14 PM - DEBUG - engine_base.py: 			Fold 0: starting training
08/28/2021 08:14:14 PM - DEBUG - engine_base.py: 			Fold 0: finished training
08/28/2021 08:14:14 PM - DEBUG - engine_base.py: 			Fold 0: Scoring trained pipeline
08/28/2021 08:14:14 PM - DEBUG - engine_base.py: 			Fold 0: Root Mean Squared Error score: 1199.239
08/28/2021 08:14:14 PM - DEBUG - engine_base.py: 		Training and scoring on fold 1
08/28/2021 08:14:14 PM - DEBUG - engine_base.py: 			Fold 1: starting training
08/28/2021 08:14:14 PM - DEBUG - engine_base.py: 			Fold 1: finished training
08/28/2021 08:14:14 PM - DEBUG - engine_base.py: 			Fold 1: Scoring trained pipeline
08/28/2021 08:14:14 PM - DEBUG - engine_base.py: 			Fold 1: Root Mean Squared Error score: 1173.093
08/28/2021 08:14:14 PM - DEBUG - engine_base.py: 		Training and scoring on fold 2
08/28/2021 08:14:14 PM - DEBUG - engine_base.py: 			Fold 2: starting training
08/28/2021 08:14:14 PM - DEBUG - engine_base.py: 			Fold 2: finished training
08/28/2021 08:14:14 PM - DEBUG - engine_base.py: 			Fold 2: Scoring trained pipeline
08/28/2021 08:14:14 PM - DEBUG - engine_base.py: 			Fold 2: Root Mean Squared Error score: 1148.769
08/28/2021 08:14:14 PM - INFO - engine_base.py: 	Finished cross validation - mean Root Mean Squared Error: 1173.700
08/28/2021 08:14:16 PM - INFO - engine_base.py: Elastic Net Regressor w/ Log Transformer + Imputer + Standard Scaler:
08/28/2021 08:14:16 PM - INFO - engine_base.py: 	Starting cross validation
08/28/2021 08:14:16 PM - DEBUG - engine_base.py: 		Training and scoring on fold 0
08/28/2021 08:14:16 PM - DEBUG - engine_base.py: 			Fold 0: starting training
08/28/2021 08:14:16 PM - DEBUG - engine_base.py: 			Fold 0: finished training
08/28/2021 08:14:16 PM - DEBUG - engine_base.py: 			Fold 0: Scoring trained pipeline
08/28/2021 08:14:16 PM - DEBUG - engine_base.py: 			Fold 0: Root Mean Squared Error score: 1150.134
08/28/2021 08:14:16 PM - DEBUG - engine_base.py: 		Training and scoring on fold 1
08/28/2021 08:14:16 PM - DEBUG - engine_base.py: 			Fold 1: starting training
08/28/2021 08:14:16 PM - DEBUG - engine_base.py: 			Fold 1: finished training
08/28/2021 08:14:16 PM - DEBUG - engine_base.py: 			Fold 1: Scoring trained pipeline
08/28/2021 08:14:16 PM - DEBUG - engine_base.py: 			Fold 1: Root Mean Squared Error score: 1173.209
08/28/2021 08:14:16 PM - DEBUG - engine_base.py: 		Training and scoring on fold 2
08/28/2021 08:14:16 PM - DEBUG - engine_base.py: 			Fold 2: starting training
08/28/2021 08:14:16 PM - DEBUG - engine_base.py: 			Fold 2: finished training
08/28/2021 08:14:16 PM - DEBUG - engine_base.py: 			Fold 2: Scoring trained pipeline
08/28/2021 08:14:16 PM - DEBUG - engine_base.py: 			Fold 2: Root Mean Squared Error score: 1105.336
08/28/2021 08:14:16 PM - INFO - engine_base.py: 	Finished cross validation - mean Root Mean Squared Error: 1142.893
08/28/2021 08:14:20 PM - INFO - engine_base.py: XGBoost Regressor w/ Log Transformer + Imputer:
08/28/2021 08:14:20 PM - INFO - engine_base.py: 	Starting cross validation
08/28/2021 08:14:20 PM - DEBUG - engine_base.py: 		Training and scoring on fold 0
08/28/2021 08:14:20 PM - DEBUG - engine_base.py: 			Fold 0: starting training
08/28/2021 08:14:20 PM - DEBUG - engine_base.py: 			Fold 0: finished training
08/28/2021 08:14:20 PM - DEBUG - engine_base.py: 			Fold 0: Scoring trained pipeline
08/28/2021 08:14:20 PM - DEBUG - engine_base.py: 			Fold 0: Root Mean Squared Error score: 1159.211
08/28/2021 08:14:20 PM - DEBUG - engine_base.py: 		Training and scoring on fold 1
08/28/2021 08:14:20 PM - DEBUG - engine_base.py: 			Fold 1: starting training
08/28/2021 08:14:20 PM - DEBUG - engine_base.py: 			Fold 1: finished training
08/28/2021 08:14:20 PM - DEBUG - engine_base.py: 			Fold 1: Scoring trained pipeline
08/28/2021 08:14:20 PM - DEBUG - engine_base.py: 			Fold 1: Root Mean Squared Error score: 1143.614
08/28/2021 08:14:20 PM - DEBUG - engine_base.py: 		Training and scoring on fold 2
08/28/2021 08:14:20 PM - DEBUG - engine_base.py: 			Fold 2: starting training
08/28/2021 08:14:20 PM - DEBUG - engine_base.py: 			Fold 2: finished training
08/28/2021 08:14:20 PM - DEBUG - engine_base.py: 			Fold 2: Scoring trained pipeline
08/28/2021 08:14:20 PM - DEBUG - engine_base.py: 			Fold 2: Root Mean Squared Error score: 1101.623
08/28/2021 08:14:20 PM - INFO - engine_base.py: 	Finished cross validation - mean Root Mean Squared Error: 1134.816
08/28/2021 08:14:22 PM - INFO - engine_base.py: Extra Trees Regressor w/ Log Transformer + Imputer:
08/28/2021 08:14:22 PM - INFO - engine_base.py: 	Starting cross validation
08/28/2021 08:14:22 PM - DEBUG - engine_base.py: 		Training and scoring on fold 0
08/28/2021 08:14:22 PM - DEBUG - engine_base.py: 			Fold 0: starting training
08/28/2021 08:14:22 PM - DEBUG - engine_base.py: 			Fold 0: finished training
08/28/2021 08:14:22 PM - DEBUG - engine_base.py: 			Fold 0: Scoring trained pipeline
08/28/2021 08:14:22 PM - DEBUG - engine_base.py: 			Fold 0: Root Mean Squared Error score: 1138.142
08/28/2021 08:14:22 PM - DEBUG - engine_base.py: 		Training and scoring on fold 1
08/28/2021 08:14:22 PM - DEBUG - engine_base.py: 			Fold 1: starting training
08/28/2021 08:14:22 PM - DEBUG - engine_base.py: 			Fold 1: finished training
08/28/2021 08:14:22 PM - DEBUG - engine_base.py: 			Fold 1: Scoring trained pipeline
08/28/2021 08:14:22 PM - DEBUG - engine_base.py: 			Fold 1: Root Mean Squared Error score: 1131.078
08/28/2021 08:14:22 PM - DEBUG - engine_base.py: 		Training and scoring on fold 2
08/28/2021 08:14:22 PM - DEBUG - engine_base.py: 			Fold 2: starting training
08/28/2021 08:14:22 PM - DEBUG - engine_base.py: 			Fold 2: finished training
08/28/2021 08:14:22 PM - DEBUG - engine_base.py: 			Fold 2: Scoring trained pipeline
08/28/2021 08:14:22 PM - DEBUG - engine_base.py: 			Fold 2: Root Mean Squared Error score: 1094.813
08/28/2021 08:14:22 PM - INFO - engine_base.py: 	Finished cross validation - mean Root Mean Squared Error: 1121.344
08/28/2021 08:14:24 PM - INFO - engine_base.py: CatBoost Regressor w/ Log Transformer + Imputer:
08/28/2021 08:14:24 PM - INFO - engine_base.py: 	Starting cross validation
08/28/2021 08:14:24 PM - DEBUG - engine_base.py: 		Training and scoring on fold 0
08/28/2021 08:14:24 PM - DEBUG - engine_base.py: 			Fold 0: starting training
08/28/2021 08:14:24 PM - DEBUG - engine_base.py: 			Fold 0: finished training
08/28/2021 08:14:24 PM - DEBUG - engine_base.py: 			Fold 0: Scoring trained pipeline
08/28/2021 08:14:24 PM - DEBUG - engine_base.py: 			Fold 0: Root Mean Squared Error score: 1692.756
08/28/2021 08:14:24 PM - DEBUG - engine_base.py: 		Training and scoring on fold 1
08/28/2021 08:14:24 PM - DEBUG - engine_base.py: 			Fold 1: starting training
08/28/2021 08:14:24 PM - DEBUG - engine_base.py: 			Fold 1: finished training
08/28/2021 08:14:24 PM - DEBUG - engine_base.py: 			Fold 1: Scoring trained pipeline
08/28/2021 08:14:24 PM - DEBUG - engine_base.py: 			Fold 1: Root Mean Squared Error score: 1659.152
08/28/2021 08:14:24 PM - DEBUG - engine_base.py: 		Training and scoring on fold 2
08/28/2021 08:14:24 PM - DEBUG - engine_base.py: 			Fold 2: starting training
08/28/2021 08:14:24 PM - DEBUG - engine_base.py: 			Fold 2: finished training
08/28/2021 08:14:24 PM - DEBUG - engine_base.py: 			Fold 2: Scoring trained pipeline
08/28/2021 08:14:24 PM - DEBUG - engine_base.py: 			Fold 2: Root Mean Squared Error score: 1625.967
08/28/2021 08:14:24 PM - INFO - engine_base.py: 	Finished cross validation - mean Root Mean Squared Error: 1659.292
08/28/2021 08:14:24 PM - INFO - automl_search.py: 
Search finished after 00:17            
08/28/2021 08:14:25 PM - INFO - automl_search.py: Best pipeline: Random Forest Regressor w/ Log Transformer + Imputer
08/28/2021 08:14:25 PM - INFO - automl_search.py: Best pipeline Root Mean Squared Error: 1119.643405
08/28/2021 08:14:25 PM - DEBUG - gen_utils.py: Could not import class ProphetRegressor in get_importable_subclasses
08/28/2021 08:14:25 PM - DEBUG - gen_utils.py: Could not import class ProphetRegressor in get_importable_subclasses
08/28/2021 08:14:25 PM - DEBUG - gen_utils.py: Could not import class ProphetRegressor in get_importable_subclasses
08/28/2021 08:14:26 PM - INFO - logger.py: 
********************************************************
08/28/2021 08:14:26 PM - INFO - logger.py: * Random Forest Regressor w/ Log Transformer + Imputer *
08/28/2021 08:14:26 PM - INFO - logger.py: ********************************************************
08/28/2021 08:14:26 PM - INFO - logger.py: 
08/28/2021 08:14:26 PM - INFO - pipeline_base.py: Problem Type: regression
08/28/2021 08:14:26 PM - INFO - pipeline_base.py: Model Family: Random Forest
08/28/2021 08:14:26 PM - INFO - logger.py: 
08/28/2021 08:14:26 PM - INFO - logger.py: Pipeline Steps
08/28/2021 08:14:26 PM - INFO - logger.py: ==============
08/28/2021 08:14:26 PM - INFO - component_graph.py: 1. Log Transformer
08/28/2021 08:14:26 PM - INFO - component_graph.py: 2. Imputer
08/28/2021 08:14:26 PM - INFO - component_base.py: 	 * categorical_impute_strategy : most_frequent
08/28/2021 08:14:26 PM - INFO - component_base.py: 	 * numeric_impute_strategy : mean
08/28/2021 08:14:26 PM - INFO - component_base.py: 	 * categorical_fill_value : None
08/28/2021 08:14:26 PM - INFO - component_base.py: 	 * numeric_fill_value : None
08/28/2021 08:14:26 PM - INFO - component_graph.py: 3. Random Forest Regressor
08/28/2021 08:14:26 PM - INFO - component_base.py: 	 * n_estimators : 100
08/28/2021 08:14:26 PM - INFO - component_base.py: 	 * max_depth : 6
08/28/2021 08:14:26 PM - INFO - component_base.py: 	 * n_jobs : -1
08/28/2021 08:14:26 PM - INFO - logger.py: 
08/28/2021 08:14:26 PM - INFO - logger.py: Training
08/28/2021 08:14:26 PM - INFO - logger.py: ========
08/28/2021 08:14:26 PM - INFO - automl_search.py: Training for regression problems.
08/28/2021 08:14:26 PM - INFO - automl_search.py: Total training time (including CV): 2.6 seconds
08/28/2021 08:14:26 PM - INFO - logger.py: 
08/28/2021 08:14:26 PM - INFO - logger.py: Cross Validation
08/28/2021 08:14:26 PM - INFO - logger.py: ----------------
08/28/2021 08:14:26 PM - INFO - automl_search.py:              Root Mean Squared Error  ExpVariance  MaxError  MedianAE         MSE     MAE    R2 # Training # Validation
0                           1140.488        0.588  6663.757   502.401 1300712.039 785.821 0.566      5,682        2,841
1                           1124.041        0.580  6364.153   487.785 1263468.030 771.151 0.562      5,682        2,841
2                           1094.402        0.595  7787.435   478.387 1197714.958 749.070 0.581      5,682        2,841
mean                        1119.643        0.588  6938.448   489.524 1253965.009 768.681 0.569          -            -
std                           23.356        0.007   750.349    12.101   52151.991  18.500 0.010          -            -
coef of var                    0.021        0.012     0.108     0.025       0.042   0.024 0.017          -            -
08/28/2021 08:40:56 PM - INFO - automl_search.py: Using default limit of max_batches=1.

08/28/2021 08:40:56 PM - INFO - automl_search.py: Generating pipelines to search over...
08/28/2021 08:40:58 PM - DEBUG - gen_utils.py: Could not import class ProphetRegressor in get_importable_subclasses
08/28/2021 08:40:58 PM - DEBUG - gen_utils.py: Could not import class ProphetRegressor in get_importable_subclasses
08/28/2021 08:40:58 PM - DEBUG - gen_utils.py: Could not import class ProphetRegressor in get_importable_subclasses
08/28/2021 08:40:58 PM - DEBUG - automl_search.py: allowed_estimators set to ['Decision Tree Regressor', 'Extra Trees Regressor', 'XGBoost Regressor', 'CatBoost Regressor', 'Random Forest Regressor', 'LightGBM Regressor', 'Linear Regressor', 'Elastic Net Regressor']
08/28/2021 08:40:58 PM - DEBUG - gen_utils.py: Could not import class ProphetRegressor in get_importable_subclasses
08/28/2021 08:40:58 PM - DEBUG - gen_utils.py: Could not import class ProphetRegressor in get_importable_subclasses
08/28/2021 08:40:58 PM - DEBUG - gen_utils.py: Could not import class ProphetRegressor in get_importable_subclasses
08/28/2021 08:40:58 PM - DEBUG - gen_utils.py: Could not import class ProphetRegressor in get_importable_subclasses
08/28/2021 08:40:58 PM - DEBUG - gen_utils.py: Could not import class ProphetRegressor in get_importable_subclasses
08/28/2021 08:40:58 PM - DEBUG - gen_utils.py: Could not import class ProphetRegressor in get_importable_subclasses
08/28/2021 08:40:58 PM - DEBUG - gen_utils.py: Could not import class ProphetRegressor in get_importable_subclasses
08/28/2021 08:40:58 PM - DEBUG - gen_utils.py: Could not import class ProphetRegressor in get_importable_subclasses
08/28/2021 08:40:58 PM - DEBUG - gen_utils.py: Could not import class ProphetRegressor in get_importable_subclasses
08/28/2021 08:40:58 PM - DEBUG - gen_utils.py: Could not import class ProphetRegressor in get_importable_subclasses
08/28/2021 08:40:58 PM - DEBUG - gen_utils.py: Could not import class ProphetRegressor in get_importable_subclasses
08/28/2021 08:40:58 PM - DEBUG - gen_utils.py: Could not import class ProphetRegressor in get_importable_subclasses
08/28/2021 08:40:58 PM - DEBUG - gen_utils.py: Could not import class ProphetRegressor in get_importable_subclasses
08/28/2021 08:40:58 PM - DEBUG - gen_utils.py: Could not import class ProphetRegressor in get_importable_subclasses
08/28/2021 08:40:58 PM - DEBUG - gen_utils.py: Could not import class ProphetRegressor in get_importable_subclasses
08/28/2021 08:40:58 PM - DEBUG - gen_utils.py: Could not import class ProphetRegressor in get_importable_subclasses
08/28/2021 08:40:58 PM - DEBUG - gen_utils.py: Could not import class ProphetRegressor in get_importable_subclasses
08/28/2021 08:40:58 PM - DEBUG - gen_utils.py: Could not import class ProphetRegressor in get_importable_subclasses
08/28/2021 08:40:58 PM - DEBUG - gen_utils.py: Could not import class ProphetRegressor in get_importable_subclasses
08/28/2021 08:40:58 PM - DEBUG - gen_utils.py: Could not import class ProphetRegressor in get_importable_subclasses
08/28/2021 08:40:58 PM - DEBUG - gen_utils.py: Could not import class ProphetRegressor in get_importable_subclasses
08/28/2021 08:40:58 PM - DEBUG - gen_utils.py: Could not import class ProphetRegressor in get_importable_subclasses
08/28/2021 08:40:58 PM - DEBUG - gen_utils.py: Could not import class ProphetRegressor in get_importable_subclasses
08/28/2021 08:40:58 PM - DEBUG - gen_utils.py: Could not import class ProphetRegressor in get_importable_subclasses
08/28/2021 08:40:58 PM - INFO - automl_search.py: 8 pipelines ready for search.
08/28/2021 08:40:58 PM - DEBUG - automl_search.py: allowed_pipelines set to ['Decision Tree Regressor w/ Log Transformer + Imputer', 'Extra Trees Regressor w/ Log Transformer + Imputer', 'XGBoost Regressor w/ Log Transformer + Imputer', 'CatBoost Regressor w/ Log Transformer + Imputer', 'Random Forest Regressor w/ Log Transformer + Imputer', 'LightGBM Regressor w/ Log Transformer + Imputer', 'Linear Regressor w/ Log Transformer + Imputer + Standard Scaler', 'Elastic Net Regressor w/ Log Transformer + Imputer + Standard Scaler']
08/28/2021 08:40:58 PM - DEBUG - automl_search.py: allowed_model_families set to [ModelFamily.LIGHTGBM, ModelFamily.EXTRA_TREES, ModelFamily.DECISION_TREE, ModelFamily.LINEAR_MODEL, ModelFamily.RANDOM_FOREST, ModelFamily.CATBOOST, ModelFamily.XGBOOST]
08/28/2021 08:40:58 PM - INFO - logger.py: 
*****************************
08/28/2021 08:40:58 PM - INFO - logger.py: * Beginning pipeline search *
08/28/2021 08:40:58 PM - INFO - logger.py: *****************************
08/28/2021 08:40:58 PM - INFO - logger.py: 
08/28/2021 08:40:58 PM - INFO - automl_search.py: Optimizing for Root Mean Squared Error. 
08/28/2021 08:40:58 PM - INFO - automl_search.py: Lower score is better.

08/28/2021 08:40:58 PM - INFO - automl_search.py: Using SequentialEngine to train and score pipelines.
08/28/2021 08:40:58 PM - INFO - automl_search.py: Searching up to 1 batches for a total of 9 pipelines. 
08/28/2021 08:40:58 PM - INFO - automl_search.py: Allowed model families: lightgbm, extra_trees, decision_tree, linear_model, random_forest, catboost, xgboost

08/28/2021 08:41:01 PM - DEBUG - gen_utils.py: Could not import class ProphetRegressor in get_importable_subclasses
08/28/2021 08:41:02 PM - DEBUG - gen_utils.py: Could not import class ProphetRegressor in get_importable_subclasses
08/28/2021 08:41:02 PM - INFO - automl_search.py: Evaluating Baseline Pipeline: Mean Baseline Regression Pipeline
08/28/2021 08:41:02 PM - INFO - engine_base.py: Mean Baseline Regression Pipeline:
08/28/2021 08:41:02 PM - INFO - engine_base.py: 	Starting cross validation
08/28/2021 08:41:02 PM - DEBUG - engine_base.py: 		Training and scoring on fold 0
08/28/2021 08:41:02 PM - DEBUG - engine_base.py: 			Fold 0: starting training
08/28/2021 08:41:02 PM - DEBUG - engine_base.py: 			Fold 0: finished training
08/28/2021 08:41:02 PM - DEBUG - engine_base.py: 			Fold 0: Scoring trained pipeline
08/28/2021 08:41:02 PM - DEBUG - engine_base.py: 			Fold 0: Root Mean Squared Error score: 1730.821
08/28/2021 08:41:02 PM - DEBUG - engine_base.py: 		Training and scoring on fold 1
08/28/2021 08:41:02 PM - DEBUG - engine_base.py: 			Fold 1: starting training
08/28/2021 08:41:02 PM - DEBUG - engine_base.py: 			Fold 1: finished training
08/28/2021 08:41:02 PM - DEBUG - engine_base.py: 			Fold 1: Scoring trained pipeline
08/28/2021 08:41:02 PM - DEBUG - engine_base.py: 			Fold 1: Root Mean Squared Error score: 1698.187
08/28/2021 08:41:02 PM - DEBUG - engine_base.py: 		Training and scoring on fold 2
08/28/2021 08:41:02 PM - DEBUG - engine_base.py: 			Fold 2: starting training
08/28/2021 08:41:02 PM - DEBUG - engine_base.py: 			Fold 2: finished training
08/28/2021 08:41:02 PM - DEBUG - engine_base.py: 			Fold 2: Scoring trained pipeline
08/28/2021 08:41:02 PM - DEBUG - engine_base.py: 			Fold 2: Root Mean Squared Error score: 1690.564
08/28/2021 08:41:02 PM - INFO - engine_base.py: 	Finished cross validation - mean Root Mean Squared Error: 1706.524
08/28/2021 08:41:02 PM - INFO - logger.py: 
*****************************
08/28/2021 08:41:02 PM - INFO - logger.py: * Evaluating Batch Number 1 *
08/28/2021 08:41:02 PM - INFO - logger.py: *****************************
08/28/2021 08:41:02 PM - INFO - logger.py: 
08/28/2021 08:41:04 PM - INFO - engine_base.py: Linear Regressor w/ Log Transformer + Imputer + Standard Scaler:
08/28/2021 08:41:04 PM - INFO - engine_base.py: 	Starting cross validation
08/28/2021 08:41:04 PM - DEBUG - engine_base.py: 		Training and scoring on fold 0
08/28/2021 08:41:04 PM - DEBUG - engine_base.py: 			Fold 0: starting training
08/28/2021 08:41:04 PM - DEBUG - engine_base.py: 			Fold 0: finished training
08/28/2021 08:41:04 PM - DEBUG - engine_base.py: 			Fold 0: Scoring trained pipeline
08/28/2021 08:41:04 PM - DEBUG - engine_base.py: 			Fold 0: Root Mean Squared Error score: 1150.231
08/28/2021 08:41:04 PM - DEBUG - engine_base.py: 		Training and scoring on fold 1
08/28/2021 08:41:04 PM - DEBUG - engine_base.py: 			Fold 1: starting training
08/28/2021 08:41:04 PM - DEBUG - engine_base.py: 			Fold 1: finished training
08/28/2021 08:41:04 PM - DEBUG - engine_base.py: 			Fold 1: Scoring trained pipeline
08/28/2021 08:41:04 PM - DEBUG - engine_base.py: 			Fold 1: Root Mean Squared Error score: 1172.824
08/28/2021 08:41:04 PM - DEBUG - engine_base.py: 		Training and scoring on fold 2
08/28/2021 08:41:04 PM - DEBUG - engine_base.py: 			Fold 2: starting training
08/28/2021 08:41:04 PM - DEBUG - engine_base.py: 			Fold 2: finished training
08/28/2021 08:41:04 PM - DEBUG - engine_base.py: 			Fold 2: Scoring trained pipeline
08/28/2021 08:41:04 PM - DEBUG - engine_base.py: 			Fold 2: Root Mean Squared Error score: 1105.375
08/28/2021 08:41:04 PM - INFO - engine_base.py: 	Finished cross validation - mean Root Mean Squared Error: 1142.810
08/28/2021 08:41:05 PM - INFO - engine_base.py: Decision Tree Regressor w/ Log Transformer + Imputer:
08/28/2021 08:41:05 PM - INFO - engine_base.py: 	Starting cross validation
08/28/2021 08:41:05 PM - DEBUG - engine_base.py: 		Training and scoring on fold 0
08/28/2021 08:41:05 PM - DEBUG - engine_base.py: 			Fold 0: starting training
08/28/2021 08:41:05 PM - DEBUG - engine_base.py: 			Fold 0: finished training
08/28/2021 08:41:05 PM - DEBUG - engine_base.py: 			Fold 0: Scoring trained pipeline
08/28/2021 08:41:05 PM - DEBUG - engine_base.py: 			Fold 0: Root Mean Squared Error score: 1157.710
08/28/2021 08:41:05 PM - DEBUG - engine_base.py: 		Training and scoring on fold 1
08/28/2021 08:41:05 PM - DEBUG - engine_base.py: 			Fold 1: starting training
08/28/2021 08:41:05 PM - DEBUG - engine_base.py: 			Fold 1: finished training
08/28/2021 08:41:05 PM - DEBUG - engine_base.py: 			Fold 1: Scoring trained pipeline
08/28/2021 08:41:05 PM - DEBUG - engine_base.py: 			Fold 1: Root Mean Squared Error score: 1132.664
08/28/2021 08:41:05 PM - DEBUG - engine_base.py: 		Training and scoring on fold 2
08/28/2021 08:41:05 PM - DEBUG - engine_base.py: 			Fold 2: starting training
08/28/2021 08:41:05 PM - DEBUG - engine_base.py: 			Fold 2: finished training
08/28/2021 08:41:05 PM - DEBUG - engine_base.py: 			Fold 2: Scoring trained pipeline
08/28/2021 08:41:05 PM - DEBUG - engine_base.py: 			Fold 2: Root Mean Squared Error score: 1107.595
08/28/2021 08:41:05 PM - INFO - engine_base.py: 	Finished cross validation - mean Root Mean Squared Error: 1132.656
08/28/2021 08:41:07 PM - INFO - engine_base.py: Random Forest Regressor w/ Log Transformer + Imputer:
08/28/2021 08:41:07 PM - INFO - engine_base.py: 	Starting cross validation
08/28/2021 08:41:07 PM - DEBUG - engine_base.py: 		Training and scoring on fold 0
08/28/2021 08:41:07 PM - DEBUG - engine_base.py: 			Fold 0: starting training
08/28/2021 08:41:07 PM - DEBUG - engine_base.py: 			Fold 0: finished training
08/28/2021 08:41:07 PM - DEBUG - engine_base.py: 			Fold 0: Scoring trained pipeline
08/28/2021 08:41:07 PM - DEBUG - engine_base.py: 			Fold 0: Root Mean Squared Error score: 1140.488
08/28/2021 08:41:07 PM - DEBUG - engine_base.py: 		Training and scoring on fold 1
08/28/2021 08:41:07 PM - DEBUG - engine_base.py: 			Fold 1: starting training
08/28/2021 08:41:07 PM - DEBUG - engine_base.py: 			Fold 1: finished training
08/28/2021 08:41:07 PM - DEBUG - engine_base.py: 			Fold 1: Scoring trained pipeline
08/28/2021 08:41:07 PM - DEBUG - engine_base.py: 			Fold 1: Root Mean Squared Error score: 1124.041
08/28/2021 08:41:07 PM - DEBUG - engine_base.py: 		Training and scoring on fold 2
08/28/2021 08:41:07 PM - DEBUG - engine_base.py: 			Fold 2: starting training
08/28/2021 08:41:07 PM - DEBUG - engine_base.py: 			Fold 2: finished training
08/28/2021 08:41:07 PM - DEBUG - engine_base.py: 			Fold 2: Scoring trained pipeline
08/28/2021 08:41:07 PM - DEBUG - engine_base.py: 			Fold 2: Root Mean Squared Error score: 1094.402
08/28/2021 08:41:07 PM - INFO - engine_base.py: 	Finished cross validation - mean Root Mean Squared Error: 1119.643
08/28/2021 08:41:08 PM - INFO - engine_base.py: LightGBM Regressor w/ Log Transformer + Imputer:
08/28/2021 08:41:08 PM - INFO - engine_base.py: 	Starting cross validation
08/28/2021 08:41:08 PM - DEBUG - engine_base.py: 		Training and scoring on fold 0
08/28/2021 08:41:08 PM - DEBUG - engine_base.py: 			Fold 0: starting training
08/28/2021 08:41:08 PM - DEBUG - engine_base.py: 			Fold 0: finished training
08/28/2021 08:41:08 PM - DEBUG - engine_base.py: 			Fold 0: Scoring trained pipeline
08/28/2021 08:41:08 PM - DEBUG - engine_base.py: 			Fold 0: Root Mean Squared Error score: 1199.239
08/28/2021 08:41:08 PM - DEBUG - engine_base.py: 		Training and scoring on fold 1
08/28/2021 08:41:08 PM - DEBUG - engine_base.py: 			Fold 1: starting training
08/28/2021 08:41:08 PM - DEBUG - engine_base.py: 			Fold 1: finished training
08/28/2021 08:41:08 PM - DEBUG - engine_base.py: 			Fold 1: Scoring trained pipeline
08/28/2021 08:41:08 PM - DEBUG - engine_base.py: 			Fold 1: Root Mean Squared Error score: 1173.093
08/28/2021 08:41:08 PM - DEBUG - engine_base.py: 		Training and scoring on fold 2
08/28/2021 08:41:08 PM - DEBUG - engine_base.py: 			Fold 2: starting training
08/28/2021 08:41:08 PM - DEBUG - engine_base.py: 			Fold 2: finished training
08/28/2021 08:41:08 PM - DEBUG - engine_base.py: 			Fold 2: Scoring trained pipeline
08/28/2021 08:41:08 PM - DEBUG - engine_base.py: 			Fold 2: Root Mean Squared Error score: 1148.769
08/28/2021 08:41:08 PM - INFO - engine_base.py: 	Finished cross validation - mean Root Mean Squared Error: 1173.700
08/28/2021 08:41:10 PM - INFO - engine_base.py: Elastic Net Regressor w/ Log Transformer + Imputer + Standard Scaler:
08/28/2021 08:41:10 PM - INFO - engine_base.py: 	Starting cross validation
08/28/2021 08:41:10 PM - DEBUG - engine_base.py: 		Training and scoring on fold 0
08/28/2021 08:41:10 PM - DEBUG - engine_base.py: 			Fold 0: starting training
08/28/2021 08:41:10 PM - DEBUG - engine_base.py: 			Fold 0: finished training
08/28/2021 08:41:10 PM - DEBUG - engine_base.py: 			Fold 0: Scoring trained pipeline
08/28/2021 08:41:10 PM - DEBUG - engine_base.py: 			Fold 0: Root Mean Squared Error score: 1150.134
08/28/2021 08:41:10 PM - DEBUG - engine_base.py: 		Training and scoring on fold 1
08/28/2021 08:41:10 PM - DEBUG - engine_base.py: 			Fold 1: starting training
08/28/2021 08:41:10 PM - DEBUG - engine_base.py: 			Fold 1: finished training
08/28/2021 08:41:10 PM - DEBUG - engine_base.py: 			Fold 1: Scoring trained pipeline
08/28/2021 08:41:10 PM - DEBUG - engine_base.py: 			Fold 1: Root Mean Squared Error score: 1173.209
08/28/2021 08:41:10 PM - DEBUG - engine_base.py: 		Training and scoring on fold 2
08/28/2021 08:41:10 PM - DEBUG - engine_base.py: 			Fold 2: starting training
08/28/2021 08:41:10 PM - DEBUG - engine_base.py: 			Fold 2: finished training
08/28/2021 08:41:10 PM - DEBUG - engine_base.py: 			Fold 2: Scoring trained pipeline
08/28/2021 08:41:10 PM - DEBUG - engine_base.py: 			Fold 2: Root Mean Squared Error score: 1105.336
08/28/2021 08:41:10 PM - INFO - engine_base.py: 	Finished cross validation - mean Root Mean Squared Error: 1142.893
08/28/2021 08:41:12 PM - INFO - engine_base.py: XGBoost Regressor w/ Log Transformer + Imputer:
08/28/2021 08:41:12 PM - INFO - engine_base.py: 	Starting cross validation
08/28/2021 08:41:12 PM - DEBUG - engine_base.py: 		Training and scoring on fold 0
08/28/2021 08:41:12 PM - DEBUG - engine_base.py: 			Fold 0: starting training
08/28/2021 08:41:12 PM - DEBUG - engine_base.py: 			Fold 0: finished training
08/28/2021 08:41:12 PM - DEBUG - engine_base.py: 			Fold 0: Scoring trained pipeline
08/28/2021 08:41:12 PM - DEBUG - engine_base.py: 			Fold 0: Root Mean Squared Error score: 1159.211
08/28/2021 08:41:12 PM - DEBUG - engine_base.py: 		Training and scoring on fold 1
08/28/2021 08:41:12 PM - DEBUG - engine_base.py: 			Fold 1: starting training
08/28/2021 08:41:12 PM - DEBUG - engine_base.py: 			Fold 1: finished training
08/28/2021 08:41:12 PM - DEBUG - engine_base.py: 			Fold 1: Scoring trained pipeline
08/28/2021 08:41:12 PM - DEBUG - engine_base.py: 			Fold 1: Root Mean Squared Error score: 1143.614
08/28/2021 08:41:12 PM - DEBUG - engine_base.py: 		Training and scoring on fold 2
08/28/2021 08:41:12 PM - DEBUG - engine_base.py: 			Fold 2: starting training
08/28/2021 08:41:12 PM - DEBUG - engine_base.py: 			Fold 2: finished training
08/28/2021 08:41:12 PM - DEBUG - engine_base.py: 			Fold 2: Scoring trained pipeline
08/28/2021 08:41:12 PM - DEBUG - engine_base.py: 			Fold 2: Root Mean Squared Error score: 1101.623
08/28/2021 08:41:12 PM - INFO - engine_base.py: 	Finished cross validation - mean Root Mean Squared Error: 1134.816
08/28/2021 08:41:14 PM - INFO - engine_base.py: Extra Trees Regressor w/ Log Transformer + Imputer:
08/28/2021 08:41:14 PM - INFO - engine_base.py: 	Starting cross validation
08/28/2021 08:41:14 PM - DEBUG - engine_base.py: 		Training and scoring on fold 0
08/28/2021 08:41:14 PM - DEBUG - engine_base.py: 			Fold 0: starting training
08/28/2021 08:41:14 PM - DEBUG - engine_base.py: 			Fold 0: finished training
08/28/2021 08:41:14 PM - DEBUG - engine_base.py: 			Fold 0: Scoring trained pipeline
08/28/2021 08:41:14 PM - DEBUG - engine_base.py: 			Fold 0: Root Mean Squared Error score: 1138.142
08/28/2021 08:41:14 PM - DEBUG - engine_base.py: 		Training and scoring on fold 1
08/28/2021 08:41:14 PM - DEBUG - engine_base.py: 			Fold 1: starting training
08/28/2021 08:41:14 PM - DEBUG - engine_base.py: 			Fold 1: finished training
08/28/2021 08:41:14 PM - DEBUG - engine_base.py: 			Fold 1: Scoring trained pipeline
08/28/2021 08:41:14 PM - DEBUG - engine_base.py: 			Fold 1: Root Mean Squared Error score: 1131.078
08/28/2021 08:41:14 PM - DEBUG - engine_base.py: 		Training and scoring on fold 2
08/28/2021 08:41:14 PM - DEBUG - engine_base.py: 			Fold 2: starting training
08/28/2021 08:41:14 PM - DEBUG - engine_base.py: 			Fold 2: finished training
08/28/2021 08:41:14 PM - DEBUG - engine_base.py: 			Fold 2: Scoring trained pipeline
08/28/2021 08:41:14 PM - DEBUG - engine_base.py: 			Fold 2: Root Mean Squared Error score: 1094.813
08/28/2021 08:41:14 PM - INFO - engine_base.py: 	Finished cross validation - mean Root Mean Squared Error: 1121.344
08/28/2021 08:41:15 PM - INFO - engine_base.py: CatBoost Regressor w/ Log Transformer + Imputer:
08/28/2021 08:41:15 PM - INFO - engine_base.py: 	Starting cross validation
08/28/2021 08:41:15 PM - DEBUG - engine_base.py: 		Training and scoring on fold 0
08/28/2021 08:41:15 PM - DEBUG - engine_base.py: 			Fold 0: starting training
08/28/2021 08:41:15 PM - DEBUG - engine_base.py: 			Fold 0: finished training
08/28/2021 08:41:15 PM - DEBUG - engine_base.py: 			Fold 0: Scoring trained pipeline
08/28/2021 08:41:15 PM - DEBUG - engine_base.py: 			Fold 0: Root Mean Squared Error score: 1692.756
08/28/2021 08:41:15 PM - DEBUG - engine_base.py: 		Training and scoring on fold 1
08/28/2021 08:41:15 PM - DEBUG - engine_base.py: 			Fold 1: starting training
08/28/2021 08:41:15 PM - DEBUG - engine_base.py: 			Fold 1: finished training
08/28/2021 08:41:15 PM - DEBUG - engine_base.py: 			Fold 1: Scoring trained pipeline
08/28/2021 08:41:15 PM - DEBUG - engine_base.py: 			Fold 1: Root Mean Squared Error score: 1659.152
08/28/2021 08:41:15 PM - DEBUG - engine_base.py: 		Training and scoring on fold 2
08/28/2021 08:41:15 PM - DEBUG - engine_base.py: 			Fold 2: starting training
08/28/2021 08:41:15 PM - DEBUG - engine_base.py: 			Fold 2: finished training
08/28/2021 08:41:15 PM - DEBUG - engine_base.py: 			Fold 2: Scoring trained pipeline
08/28/2021 08:41:15 PM - DEBUG - engine_base.py: 			Fold 2: Root Mean Squared Error score: 1625.967
08/28/2021 08:41:15 PM - INFO - engine_base.py: 	Finished cross validation - mean Root Mean Squared Error: 1659.292
08/28/2021 08:41:16 PM - INFO - automl_search.py: 
Search finished after 00:14            
08/28/2021 08:41:16 PM - INFO - automl_search.py: Best pipeline: Random Forest Regressor w/ Log Transformer + Imputer
08/28/2021 08:41:16 PM - INFO - automl_search.py: Best pipeline Root Mean Squared Error: 1119.643405
08/28/2021 08:41:17 PM - DEBUG - gen_utils.py: Could not import class ProphetRegressor in get_importable_subclasses
08/28/2021 08:41:17 PM - DEBUG - gen_utils.py: Could not import class ProphetRegressor in get_importable_subclasses
08/28/2021 08:41:17 PM - DEBUG - gen_utils.py: Could not import class ProphetRegressor in get_importable_subclasses
08/28/2021 08:41:17 PM - INFO - logger.py: 
********************************************************
08/28/2021 08:41:17 PM - INFO - logger.py: * Random Forest Regressor w/ Log Transformer + Imputer *
08/28/2021 08:41:17 PM - INFO - logger.py: ********************************************************
08/28/2021 08:41:17 PM - INFO - logger.py: 
08/28/2021 08:41:17 PM - INFO - pipeline_base.py: Problem Type: regression
08/28/2021 08:41:17 PM - INFO - pipeline_base.py: Model Family: Random Forest
08/28/2021 08:41:17 PM - INFO - logger.py: 
08/28/2021 08:41:17 PM - INFO - logger.py: Pipeline Steps
08/28/2021 08:41:17 PM - INFO - logger.py: ==============
08/28/2021 08:41:17 PM - INFO - component_graph.py: 1. Log Transformer
08/28/2021 08:41:17 PM - INFO - component_graph.py: 2. Imputer
08/28/2021 08:41:17 PM - INFO - component_base.py: 	 * categorical_impute_strategy : most_frequent
08/28/2021 08:41:17 PM - INFO - component_base.py: 	 * numeric_impute_strategy : mean
08/28/2021 08:41:17 PM - INFO - component_base.py: 	 * categorical_fill_value : None
08/28/2021 08:41:17 PM - INFO - component_base.py: 	 * numeric_fill_value : None
08/28/2021 08:41:17 PM - INFO - component_graph.py: 3. Random Forest Regressor
08/28/2021 08:41:17 PM - INFO - component_base.py: 	 * n_estimators : 100
08/28/2021 08:41:17 PM - INFO - component_base.py: 	 * max_depth : 6
08/28/2021 08:41:17 PM - INFO - component_base.py: 	 * n_jobs : -1
08/28/2021 08:41:17 PM - INFO - logger.py: 
08/28/2021 08:41:17 PM - INFO - logger.py: Training
08/28/2021 08:41:17 PM - INFO - logger.py: ========
08/28/2021 08:41:17 PM - INFO - automl_search.py: Training for regression problems.
08/28/2021 08:41:17 PM - INFO - automl_search.py: Total training time (including CV): 2.2 seconds
08/28/2021 08:41:17 PM - INFO - logger.py: 
08/28/2021 08:41:17 PM - INFO - logger.py: Cross Validation
08/28/2021 08:41:17 PM - INFO - logger.py: ----------------
08/28/2021 08:41:17 PM - INFO - automl_search.py:              Root Mean Squared Error  ExpVariance  MaxError  MedianAE         MSE     MAE    R2 # Training # Validation
0                           1140.488        0.588  6663.757   502.401 1300712.039 785.821 0.566      5,682        2,841
1                           1124.041        0.580  6364.153   487.785 1263468.030 771.151 0.562      5,682        2,841
2                           1094.402        0.595  7787.435   478.387 1197714.958 749.070 0.581      5,682        2,841
mean                        1119.643        0.588  6938.448   489.524 1253965.009 768.681 0.569          -            -
std                           23.356        0.007   750.349    12.101   52151.991  18.500 0.010          -            -
coef of var                    0.021        0.012     0.108     0.025       0.042   0.024 0.017          -            -
